<?xml version="1.0" encoding="UTF-8"?>
<testsuite xmlns:xsi="http://www.w3.org/2001/XMLSchema-instance" xsi:noNamespaceSchemaLocation="https://maven.apache.org/surefire/maven-surefire-plugin/xsd/surefire-test-report.xsd" version="3.0.2" name="tests.com.eliasnogueira.SecondTest" time="0.002" tests="1" errors="0" skipped="0" failures="1">
  <properties>
[...]
</properties>
  <testcase name="oneTest" classname="tests.com.eliasnogueira.SecondTest" time="0.001">
    <failure type="org.opentest4j.AssertionFailedError&#10;	at org.junit.jupiter.api.AssertionUtils.fail(AssertionUtils.java"><![CDATA[org.opentest4j.AssertionFailedError
	at org.junit.jupiter.api.AssertionUtils.fail(AssertionUtils.java:37)
	at org.junit.jupiter.api.Assertions.fail(Assertions.java:122)
	at tests.com.eliasnogueira.SecondTest.oneTest(SecondTest.java:10)
]]></failure>
    <rerunFailure type="org.opentest4j.AssertionFailedError&#10;	at org.junit.jupiter.api.AssertionUtils.fail(AssertionUtils.java">
      <stackTrace><![CDATA[org.opentest4j.AssertionFailedError
	at org.junit.jupiter.api.AssertionUtils.fail(AssertionUtils.java:37)
	at org.junit.jupiter.api.Assertions.fail(Assertions.java:122)
	at tests.com.eliasnogueira.SecondTest.oneTest(SecondTest.java:10)
]]></stackTrace>
    </rerunFailure>
  </testcase>
  <testcase name="twoTest" classname="tests.com.eliasnogueira.SecondTest" time="0.0"/>
  <testcase name="ThreeTest" classname="tests.com.eliasnogueira.SecondTest" time="0.001"/>
</testsuite>